2014-01-21 17:40:06  INFO main WebxmlGrailsPlugin:invoke0:? - Loading default config file: class DefaultWebXmlConfig
2014-01-21 17:40:06  WARN main WebxmlGrailsPlugin:invoke0:? - Did not find application config file: WebXmlConfig
2014-01-21 17:40:07  INFO main WebxmlGrailsPlugin:invoke0:? - Loading default config file: class DefaultWebXmlConfig
2014-01-21 17:40:07  WARN main WebxmlGrailsPlugin:invoke0:? - Did not find application config file: WebXmlConfig
2014-01-21 17:40:08  INFO main Http11NioProtocol:init:396 - Initializing ProtocolHandler ["http-nio-8081"]
2014-01-21 17:40:08  INFO main NioSelectorPool:getSharedSelector:73 - Using a shared selector for servlet write/read
2014-01-21 17:40:08  INFO main StandardService:startInternal:437 - Starting service Tomcat
2014-01-21 17:40:08  INFO main StandardEngine:startInternal:299 - Starting Servlet Engine: Apache Tomcat/7.0.42
2014-01-21 17:40:08  INFO localhost-startStop-1 ContextConfig:getDefaultWebXmlFragment:1467 - No global web.xml found
2014-01-21 17:40:08  INFO localhost-startStop-1 [/longo]:log:710 - Initializing Spring root WebApplicationContext
2014-01-21 17:40:11  INFO localhost-startStop-1 HibernatePluginSupport:invoke0:? - Set db generation strategy to 'update' for datasource DEFAULT
2014-01-21 17:40:12  INFO localhost-startStop-1 CacheBeanPostProcessor:postProcessBeanDefinitionRegistry:38 - postProcessBeanDefinitionRegistry start
2014-01-21 17:40:12  INFO localhost-startStop-1 CacheBeanPostProcessor:postProcessBeanFactory:92 - postProcessBeanFactory
2014-01-21 17:40:13  WARN localhost-startStop-1 ConfigurationFactory:parseConfiguration:134 - No configuration found. Configuring ehcache from ehcache-failsafe.xml  found in the classpath: jar:file:/C:/Users/belyaev-ay/.m2/repository/net/sf/ehcache/ehcache-core/2.4.6/ehcache-core-2.4.6.jar!/ehcache-failsafe.xml
2014-01-21 17:40:15  INFO localhost-startStop-1 AbstractGrailsTemplateGenerator:info:152 - Scaffolding template generator set to use resource loader [org.codehaus.groovy.grails.commons.spring.GrailsWebApplicationContext@12fd645: startup date [Tue Jan 21 17:40:12 NOVT 2014]; parent: Root WebApplicationContext]
2014-01-21 17:40:17  INFO localhost-startStop-1 ResourceProcessor:info:152 - Performing a full reload
2014-01-21 17:40:18  INFO localhost-startStop-1 ResourceProcessor:info:152 - Loading resource declarations...
2014-01-21 17:40:18  INFO localhost-startStop-1 ResourceProcessor:info:152 - Forgetting all known modules...
2014-01-21 17:40:18  INFO localhost-startStop-1 ResourceProcessor:info:152 - Forgetting all known resources...
2014-01-21 17:40:19  WARN localhost-startStop-1 ModuleDeclarationsFactory:call:? - 'grails.resources.modules' in config does not define any modules
2014-01-21 17:40:20  INFO localhost-startStop-1 ResourceProcessor:info:152 - Finished full reload
2014-01-21 17:40:21  WARN localhost-startStop-1 GrailsUtil:warn:176 - [DEPRECATED] Method ApplicationHolder.getApplication() is deprecated and will be removed in a future version of Grails.
2014-01-21 17:40:21  WARN localhost-startStop-1 GrailsUtil:warn:176 - [DEPRECATED] Method ApplicationHolder.getApplication() is deprecated and will be removed in a future version of Grails.
2014-01-21 17:40:22  INFO localhost-startStop-1 MigrationRunner:invoke0:? - updateOnStart disabled for dataSource; not running migrations
2014-01-21 17:40:22  INFO localhost-startStop-1 ScaffoldingGrailsPlugin:call:? - configuring scaffolding...
2014-01-21 17:40:22  INFO localhost-startStop-1 ScaffoldingGrailsPlugin:call:? - done configuring scaffolding.
2014-01-21 17:40:22  INFO localhost-startStop-1 GrailsConfigUtils:info:152 - [GrailsContextLoader] Grails application loaded.
2014-01-21 17:40:22  INFO localhost-startStop-1 [/longo]:log:710 - Initializing Spring FrameworkServlet 'grails'
2014-01-21 17:40:23  INFO localhost-startStop-1 AtmosphereFramework:initWebSocket:1244 - Installed WebSocketProtocol org.atmosphere.websocket.protocol.SimpleHttpProtocol 
2014-01-21 17:40:23  INFO localhost-startStop-1 AtmosphereFramework:autoConfigureService:2154 - Atmosphere is using org.atmosphere.cpr.DefaultAnnotationProcessor for processing annotation
2014-01-21 17:40:23  INFO localhost-startStop-1 DefaultAnnotationProcessor:configure:131 - AnnotationProcessor class org.atmosphere.cpr.DefaultAnnotationProcessor$BytecodeBasedAnnotationProcessor being used
2014-01-21 17:40:23  INFO localhost-startStop-1 AtmosphereFramework:interceptor:1993 - Installed AtmosphereInterceptor  Track Message Size Interceptor using | with priority AFTER_DEFAULT 
2014-01-21 17:40:23  INFO localhost-startStop-1 AtmosphereFramework:interceptor:1993 - Installed AtmosphereInterceptor Atmosphere LifeCycle with priority AFTER_DEFAULT 
2014-01-21 17:40:23  INFO localhost-startStop-1 AtmosphereFramework:interceptor:1993 - Installed AtmosphereInterceptor Heartbeat Interceptor Support with priority AFTER_DEFAULT 
2014-01-21 17:40:23  INFO localhost-startStop-1 AtmosphereFramework:configureAtmosphereInterceptor:811 - Installing Default AtmosphereInterceptor
2014-01-21 17:40:23  INFO localhost-startStop-1 AtmosphereFramework:newAInterceptor:826 - 	org.atmosphere.interceptor.DefaultHeadersInterceptor : Default Response's Headers Interceptor
2014-01-21 17:40:23  INFO localhost-startStop-1 AtmosphereFramework:newAInterceptor:826 - 	org.atmosphere.interceptor.PaddingAtmosphereInterceptor : Browser Padding Interceptor Support
2014-01-21 17:40:23  INFO localhost-startStop-1 AtmosphereFramework:newAInterceptor:826 - 	org.atmosphere.interceptor.AndroidAtmosphereInterceptor : Android Interceptor Support
2014-01-21 17:40:23  INFO localhost-startStop-1 AtmosphereFramework:newAInterceptor:826 - 	org.atmosphere.interceptor.SSEAtmosphereInterceptor : SSE Interceptor Support
2014-01-21 17:40:23  INFO localhost-startStop-1 AtmosphereFramework:newAInterceptor:826 - 	org.atmosphere.interceptor.JSONPAtmosphereInterceptor : JSONP Interceptor Support
2014-01-21 17:40:23  INFO localhost-startStop-1 AtmosphereFramework:newAInterceptor:826 - 	org.atmosphere.interceptor.JavaScriptProtocol : Atmosphere JavaScript Protocol
2014-01-21 17:40:23  INFO localhost-startStop-1 AtmosphereFramework:newAInterceptor:826 - 	org.atmosphere.interceptor.OnDisconnectInterceptor : Browser disconnection detection
2014-01-21 17:40:23  INFO localhost-startStop-1 AtmosphereFramework:configureAtmosphereInterceptor:817 - Set org.atmosphere.cpr.AtmosphereInterceptor.disableDefaults to disable them.
2014-01-21 17:40:23  INFO localhost-startStop-1 AtmosphereFramework:info:699 - Using BroadcasterCache: org.atmosphere.cache.UUIDBroadcasterCache
2014-01-21 17:40:23  INFO localhost-startStop-1 AtmosphereFramework:info:704 - Broadcaster Polling Wait Time 100
2014-01-21 17:40:23  INFO localhost-startStop-1 AtmosphereFramework:info:705 - Shared ExecutorService supported: true
2014-01-21 17:40:23  INFO localhost-startStop-1 AtmosphereFramework:info:706 - HttpSession supported: false
2014-01-21 17:40:23  INFO localhost-startStop-1 AtmosphereFramework:info:707 - Using BroadcasterFactory: org.atmosphere.cpr.DefaultBroadcasterFactory
2014-01-21 17:40:23  INFO localhost-startStop-1 AtmosphereFramework:info:708 - Using WebSocketProcessor: org.atmosphere.websocket.DefaultWebSocketProcessor
2014-01-21 17:40:23  INFO localhost-startStop-1 AtmosphereFramework:info:709 - Using Broadcaster: org.atmosphere.cpr.DefaultBroadcaster
2014-01-21 17:40:23  INFO localhost-startStop-1 AtmosphereFramework:info:710 - Atmosphere is using async support: org.atmosphere.container.Tomcat7AsyncSupportWithWebSocket running under container: Apache Tomcat/7.0.42
2014-01-21 17:40:23  INFO localhost-startStop-1 AtmosphereFramework:info:712 - Atmosphere Framework 2.0.3 started.
2014-01-21 17:40:23  INFO localhost-startStop-1 AtmosphereFramework:info:714 - 

	For Atmosphere Framework Commercial Support, visit 
	http://www.async-io.org/ or send an email to support@async-io.org

2014-01-21 17:40:23  INFO localhost-startStop-1 AtmosphereServlet:init:85 - AtmosphereServlet with native support for Tomcat 6/7 and JBossWeb Installed.
2014-01-21 17:40:23  INFO localhost-startStop-1 ReflectorServletProcessor:loadServlet:140 - Installing Servlet com.avvero.longo.LogItemHandler
2014-01-21 17:40:23  INFO localhost-startStop-1 MeteorServlet:invoke0:? - Added AtmosphereHandler: com.avvero.longo.LogItemHandler mapped to /flow/log/*
2014-01-21 17:40:23  INFO main Http11NioProtocol:start:441 - Starting ProtocolHandler ["http-nio-8081"]
2014-01-21 17:40:55  INFO http-nio-8081-exec-2 [/longo]:log:710 - Initializing Spring FrameworkServlet 'gsp'
2014-01-21 17:40:55  INFO http-nio-8081-exec-2 [/longo]:log:710 - GSP servlet initialized
2014-01-21 17:41:04  INFO http-nio-8081-exec-10 SocketCollector:info:152 - Start SocketCollector...
2014-01-21 17:41:04  INFO http-nio-8081-exec-10 SocketCollector:info:152 - Listening on port 4447
2014-01-21 17:41:04  INFO Thread-14 SocketCollector$1:info:152 - Waiting to accept a new client.
2014-01-21 17:41:05  INFO http-nio-8081-exec-7 Collector:info:152 - Add new listener to Collector socket:localhost:4447
2014-01-21 17:41:23  INFO Thread-12 AtmosphereFramework:run:764 - Latest version of Atmosphere's JavaScript Client 2.0.9
2014-01-21 17:41:23  INFO Thread-12 AtmosphereFramework:run:766 - 

	Current version of Atmosphere 2.0.3 
	Newest version of Atmosphere available 2.0.7


2014-01-21 17:41:32  INFO Thread-14 SocketCollector$1:info:152 - Connected to client at socket:localhost:4447
2014-01-21 17:41:32  INFO Thread-14 SocketCollector$1:info:152 - Starting new socket node.
2014-01-21 17:42:55  INFO http-nio-8081-exec-1 SocketCollector:info:152 - Stop SocketCollector...
2014-01-21 17:44:23 ERROR Thread-14 SocketCollector$1:error:200 - java.net.SocketException: Connection reset
2014-01-21 17:52:45  INFO http-nio-8081-exec-9 SocketCollector:info:152 - Start SocketCollector...
2014-01-21 17:52:45  INFO http-nio-8081-exec-9 SocketCollector:info:152 - Listening on port 4447
2014-01-21 17:52:45  INFO Thread-15 SocketCollector$1:info:152 - Waiting to accept a new client.
2014-01-21 17:52:46  INFO http-nio-8081-exec-10 Collector:info:152 - Add new listener to Collector socket:localhost:4447
2014-01-21 17:53:18  INFO Thread-15 SocketCollector$1:info:152 - Connected to client at socket:localhost:4447
2014-01-21 17:53:18  INFO Thread-15 SocketCollector$1:info:152 - Starting new socket node.
2014-01-21 17:53:49 ERROR http-nio-8081-exec-5 ResourceMeta:invoke0:? - Resource not found: /plugins/jquery-1.10.2/js/jquery/jquery-1.10.2.min.map
2014-01-21 17:53:49  WARN http-nio-8081-exec-5 ResourceMetaStore:warn:176 - Cannot locate resource [/plugins/jquery-1.10.2/js/jquery/jquery-1.10.2.min.map]
2014-01-21 17:54:29  INFO http-nio-8081-exec-3 Collector:info:152 - Add new listener to Collector socket:localhost:4447
2014-01-21 17:58:17 ERROR http-nio-8081-exec-2 ResourceMeta:invoke0:? - Resource not found: /plugins/jquery-1.10.2/js/jquery/jquery-1.10.2.min.map
2014-01-21 17:58:17  WARN http-nio-8081-exec-2 ResourceMetaStore:warn:176 - Cannot locate resource [/plugins/jquery-1.10.2/js/jquery/jquery-1.10.2.min.map]
2014-01-21 17:59:56 ERROR http-nio-8081-exec-3 ResourceMeta:invoke0:? - Resource not found: /plugins/jquery-1.10.2/js/jquery/jquery-1.10.2.min.map
2014-01-21 17:59:56  WARN http-nio-8081-exec-3 ResourceMetaStore:warn:176 - Cannot locate resource [/plugins/jquery-1.10.2/js/jquery/jquery-1.10.2.min.map]
2014-01-21 17:59:59 ERROR http-nio-8081-exec-1 ResourceMeta:invoke0:? - Resource not found: /plugins/jquery-1.10.2/js/jquery/jquery-1.10.2.min.map
2014-01-21 17:59:59  WARN http-nio-8081-exec-1 ResourceMetaStore:warn:176 - Cannot locate resource [/plugins/jquery-1.10.2/js/jquery/jquery-1.10.2.min.map]
2014-01-21 17:59:59  INFO http-nio-8081-exec-6 Collector:info:152 - Add new listener to Collector socket:localhost:4447
2014-01-21 18:08:24 ERROR Thread-15 SocketCollector$1:error:200 - java.net.SocketException: Connection reset
2014-01-21 18:08:24  INFO Thread-15 SocketCollector$1:info:152 - Waiting to accept a new client.
2014-01-21 18:08:51  INFO Thread-15 SocketCollector$1:info:152 - Connected to client at socket:localhost:4447
2014-01-21 18:08:51  INFO Thread-15 SocketCollector$1:info:152 - Starting new socket node.
2014-01-21 18:09:09 ERROR http-nio-8081-exec-7 ResourceMeta:invoke0:? - Resource not found: /plugins/jquery-1.10.2/js/jquery/jquery-1.10.2.min.map
2014-01-21 18:09:09  WARN http-nio-8081-exec-7 ResourceMetaStore:warn:176 - Cannot locate resource [/plugins/jquery-1.10.2/js/jquery/jquery-1.10.2.min.map]
2014-01-21 18:11:06 ERROR http-nio-8081-exec-6 ResourceMeta:invoke0:? - Resource not found: /plugins/jquery-1.10.2/js/jquery/jquery-1.10.2.min.map
2014-01-21 18:11:06  WARN http-nio-8081-exec-6 ResourceMetaStore:warn:176 - Cannot locate resource [/plugins/jquery-1.10.2/js/jquery/jquery-1.10.2.min.map]
2014-01-21 18:11:08  INFO http-nio-8081-exec-8 Collector:info:152 - Add new listener to Collector socket:localhost:4447
2014-01-21 18:11:08 ERROR http-nio-8081-exec-9 ResourceMeta:invoke0:? - Resource not found: /plugins/jquery-1.10.2/js/jquery/jquery-1.10.2.min.map
2014-01-21 18:11:08  WARN http-nio-8081-exec-9 ResourceMetaStore:warn:176 - Cannot locate resource [/plugins/jquery-1.10.2/js/jquery/jquery-1.10.2.min.map]
2014-01-21 18:15:52 ERROR http-nio-8081-exec-5 ResourceMeta:invoke0:? - Resource not found: /plugins/jquery-1.10.2/js/jquery/jquery-1.10.2.min.map
2014-01-21 18:15:52  WARN http-nio-8081-exec-5 ResourceMetaStore:warn:176 - Cannot locate resource [/plugins/jquery-1.10.2/js/jquery/jquery-1.10.2.min.map]
2014-01-21 18:15:54 ERROR http-nio-8081-exec-2 ResourceMeta:invoke0:? - Resource not found: /plugins/jquery-1.10.2/js/jquery/jquery-1.10.2.min.map
2014-01-21 18:15:54  WARN http-nio-8081-exec-2 ResourceMetaStore:warn:176 - Cannot locate resource [/plugins/jquery-1.10.2/js/jquery/jquery-1.10.2.min.map]
2014-01-21 18:15:54  INFO http-nio-8081-exec-3 Collector:info:152 - Add new listener to Collector socket:localhost:4447
2014-01-21 18:29:05 ERROR Thread-15 SocketCollector$1:error:200 - java.net.SocketException: Connection reset
2014-01-21 18:29:05  INFO Thread-15 SocketCollector$1:info:152 - Waiting to accept a new client.
2014-01-21 18:29:20  INFO Thread-15 SocketCollector$1:info:152 - Connected to client at socket:localhost:4447
2014-01-21 18:29:20  INFO Thread-15 SocketCollector$1:info:152 - Starting new socket node.
2014-01-21 18:32:41 ERROR Thread-15 SocketCollector$1:error:200 - java.net.SocketException: Connection reset
2014-01-21 18:32:41  INFO Thread-15 SocketCollector$1:info:152 - Waiting to accept a new client.
2014-01-21 18:33:33  INFO Thread-13 GrailsProjectWatcher:info:152 - File [C:\dev\github\longo\web-app\js\flow.js] changed. Applying changes to application.
2014-01-21 18:33:33  INFO Thread-13 ResourcesGrailsPlugin:info:152 - Scheduling reload of resource files due to change of file C:\dev\github\longo\web-app\js\flow.js
2014-01-21 18:33:34  INFO pool-3-thread-1 ResourceProcessor:info:152 - Performing a changed file reload
2014-01-21 18:33:34  INFO pool-3-thread-1 ResourceProcessor:info:152 - Loading declared resources...
2014-01-21 18:33:34  INFO pool-3-thread-1 ResourceProcessor:info:152 - Finished changed file reload
2014-01-21 18:33:44  INFO Thread-15 SocketCollector$1:info:152 - Connected to client at socket:localhost:4447
2014-01-21 18:33:44  INFO Thread-15 SocketCollector$1:info:152 - Starting new socket node.
2014-01-21 18:34:23  INFO Thread-13 GrailsProjectWatcher:info:152 - File [C:\dev\github\longo\web-app\js\flow.js] changed. Applying changes to application.
2014-01-21 18:34:23  INFO Thread-13 ResourcesGrailsPlugin:info:152 - Scheduling reload of resource files due to change of file C:\dev\github\longo\web-app\js\flow.js
2014-01-21 18:34:24  INFO pool-3-thread-1 ResourceProcessor:info:152 - Performing a changed file reload
2014-01-21 18:34:24  INFO pool-3-thread-1 ResourceProcessor:info:152 - Loading declared resources...
2014-01-21 18:34:24  INFO pool-3-thread-1 ResourceProcessor:info:152 - Finished changed file reload
2014-01-21 18:34:33  INFO Thread-13 GrailsProjectWatcher:info:152 - File [C:\dev\github\longo\web-app\js\flow.js] changed. Applying changes to application.
2014-01-21 18:34:33  INFO Thread-13 ResourcesGrailsPlugin:info:152 - Scheduling reload of resource files due to change of file C:\dev\github\longo\web-app\js\flow.js
2014-01-21 18:34:33  INFO pool-3-thread-1 ResourceProcessor:info:152 - Performing a changed file reload
2014-01-21 18:34:33  INFO pool-3-thread-1 ResourceProcessor:info:152 - Loading declared resources...
2014-01-21 18:34:33  INFO pool-3-thread-1 ResourceProcessor:info:152 - Finished changed file reload
2014-01-21 18:36:06  INFO http-nio-8081-exec-5 Collector:info:152 - Add new listener to Collector socket:localhost:4447
2014-01-21 18:36:09 ERROR http-nio-8081-exec-10 ResourceMeta:invoke0:? - Resource not found: /plugins/jquery-1.10.2/js/jquery/jquery-1.10.2.min.map
2014-01-21 18:36:09  WARN http-nio-8081-exec-10 ResourceMetaStore:warn:176 - Cannot locate resource [/plugins/jquery-1.10.2/js/jquery/jquery-1.10.2.min.map]
